Analysis & Synthesis report for DE0_Digital_IO_Wing
Mon Mar 02 23:07:04 2015
Quartus II 32-bit Version 13.0.1 Build 232 06/12/2013 Service Pack 1 SJ Web Edition


---------------------
; Table of Contents ;
---------------------
  1. Legal Notice
  2. Analysis & Synthesis Summary
  3. Analysis & Synthesis Settings
  4. Parallel Compilation
  5. Analysis & Synthesis Source Files Read
  6. Analysis & Synthesis Resource Usage Summary
  7. Analysis & Synthesis Resource Utilization by Entity
  8. Registers Removed During Synthesis
  9. General Register Statistics
 10. Inverted Register Statistics
 11. Port Connectivity Checks: "DE0_Digital_IO_Wing:Wing_driver"
 12. Elapsed Time Per Partition
 13. Analysis & Synthesis Messages
 14. Analysis & Synthesis Suppressed Messages



----------------
; Legal Notice ;
----------------
Copyright (C) 1991-2013 Altera Corporation
Your use of Altera Corporation's design tools, logic functions 
and other software and tools, and its AMPP partner logic 
functions, and any output files from any of the foregoing 
(including device programming or simulation files), and any 
associated documentation or information are expressly subject 
to the terms and conditions of the Altera Program License 
Subscription Agreement, Altera MegaCore Function License 
Agreement, or other applicable license agreement, including, 
without limitation, that your use is for the sole purpose of 
programming logic devices manufactured by Altera and sold by 
Altera or its authorized distributors.  Please refer to the 
applicable agreement for further details.



+--------------------------------------------------------------------------------------+
; Analysis & Synthesis Summary                                                         ;
+------------------------------------+-------------------------------------------------+
; Analysis & Synthesis Status        ; Successful - Mon Mar 02 23:07:04 2015           ;
; Quartus II 32-bit Version          ; 13.0.1 Build 232 06/12/2013 SP 1 SJ Web Edition ;
; Revision Name                      ; DE0_Digital_IO_Wing                             ;
; Top-level Entity Name              ; DE0_Digital_IO_Wing_Test                        ;
; Family                             ; Cyclone III                                     ;
; Total logic elements               ; 43                                              ;
;     Total combinational functions  ; 11                                              ;
;     Dedicated logic registers      ; 41                                              ;
; Total registers                    ; 41                                              ;
; Total pins                         ; 41                                              ;
; Total virtual pins                 ; 0                                               ;
; Total memory bits                  ; 0                                               ;
; Embedded Multiplier 9-bit elements ; 0                                               ;
; Total PLLs                         ; 0                                               ;
+------------------------------------+-------------------------------------------------+


+-----------------------------------------------------------------------------------------------------------------------------+
; Analysis & Synthesis Settings                                                                                               ;
+----------------------------------------------------------------------------+--------------------------+---------------------+
; Option                                                                     ; Setting                  ; Default Value       ;
+----------------------------------------------------------------------------+--------------------------+---------------------+
; Device                                                                     ; EP3C16F484C6             ;                     ;
; Top-level entity name                                                      ; DE0_Digital_IO_Wing_Test ; DE0_Digital_IO_Wing ;
; Family name                                                                ; Cyclone III              ; Cyclone IV GX       ;
; Verilog Show LMF Mapping Messages                                          ; Off                      ;                     ;
; Verilog Version                                                            ; SystemVerilog_2005       ; Verilog_2001        ;
; Use smart compilation                                                      ; Off                      ; Off                 ;
; Enable parallel Assembler and TimeQuest Timing Analyzer during compilation ; On                       ; On                  ;
; Enable compact report table                                                ; Off                      ; Off                 ;
; Restructure Multiplexers                                                   ; Auto                     ; Auto                ;
; Create Debugging Nodes for IP Cores                                        ; Off                      ; Off                 ;
; Preserve fewer node names                                                  ; On                       ; On                  ;
; Disable OpenCore Plus hardware evaluation                                  ; Off                      ; Off                 ;
; VHDL Version                                                               ; VHDL_1993                ; VHDL_1993           ;
; State Machine Processing                                                   ; Auto                     ; Auto                ;
; Safe State Machine                                                         ; Off                      ; Off                 ;
; Extract Verilog State Machines                                             ; On                       ; On                  ;
; Extract VHDL State Machines                                                ; On                       ; On                  ;
; Ignore Verilog initial constructs                                          ; Off                      ; Off                 ;
; Iteration limit for constant Verilog loops                                 ; 5000                     ; 5000                ;
; Iteration limit for non-constant Verilog loops                             ; 250                      ; 250                 ;
; Add Pass-Through Logic to Inferred RAMs                                    ; On                       ; On                  ;
; Infer RAMs from Raw Logic                                                  ; On                       ; On                  ;
; Parallel Synthesis                                                         ; On                       ; On                  ;
; DSP Block Balancing                                                        ; Auto                     ; Auto                ;
; NOT Gate Push-Back                                                         ; On                       ; On                  ;
; Power-Up Don't Care                                                        ; On                       ; On                  ;
; Remove Redundant Logic Cells                                               ; Off                      ; Off                 ;
; Remove Duplicate Registers                                                 ; On                       ; On                  ;
; Ignore CARRY Buffers                                                       ; Off                      ; Off                 ;
; Ignore CASCADE Buffers                                                     ; Off                      ; Off                 ;
; Ignore GLOBAL Buffers                                                      ; Off                      ; Off                 ;
; Ignore ROW GLOBAL Buffers                                                  ; Off                      ; Off                 ;
; Ignore LCELL Buffers                                                       ; Off                      ; Off                 ;
; Ignore SOFT Buffers                                                        ; On                       ; On                  ;
; Limit AHDL Integers to 32 Bits                                             ; Off                      ; Off                 ;
; Optimization Technique                                                     ; Balanced                 ; Balanced            ;
; Carry Chain Length                                                         ; 70                       ; 70                  ;
; Auto Carry Chains                                                          ; On                       ; On                  ;
; Auto Open-Drain Pins                                                       ; On                       ; On                  ;
; Perform WYSIWYG Primitive Resynthesis                                      ; Off                      ; Off                 ;
; Auto ROM Replacement                                                       ; On                       ; On                  ;
; Auto RAM Replacement                                                       ; On                       ; On                  ;
; Auto DSP Block Replacement                                                 ; On                       ; On                  ;
; Auto Shift Register Replacement                                            ; Auto                     ; Auto                ;
; Allow Shift Register Merging across Hierarchies                            ; Auto                     ; Auto                ;
; Auto Clock Enable Replacement                                              ; On                       ; On                  ;
; Strict RAM Replacement                                                     ; Off                      ; Off                 ;
; Allow Synchronous Control Signals                                          ; On                       ; On                  ;
; Force Use of Synchronous Clear Signals                                     ; Off                      ; Off                 ;
; Auto RAM Block Balancing                                                   ; On                       ; On                  ;
; Auto RAM to Logic Cell Conversion                                          ; Off                      ; Off                 ;
; Auto Resource Sharing                                                      ; Off                      ; Off                 ;
; Allow Any RAM Size For Recognition                                         ; Off                      ; Off                 ;
; Allow Any ROM Size For Recognition                                         ; Off                      ; Off                 ;
; Allow Any Shift Register Size For Recognition                              ; Off                      ; Off                 ;
; Use LogicLock Constraints during Resource Balancing                        ; On                       ; On                  ;
; Ignore translate_off and synthesis_off directives                          ; Off                      ; Off                 ;
; Timing-Driven Synthesis                                                    ; On                       ; On                  ;
; Report Parameter Settings                                                  ; On                       ; On                  ;
; Report Source Assignments                                                  ; On                       ; On                  ;
; Report Connectivity Checks                                                 ; On                       ; On                  ;
; Ignore Maximum Fan-Out Assignments                                         ; Off                      ; Off                 ;
; Synchronization Register Chain Length                                      ; 2                        ; 2                   ;
; PowerPlay Power Optimization                                               ; Normal compilation       ; Normal compilation  ;
; HDL message level                                                          ; Level2                   ; Level2              ;
; Suppress Register Optimization Related Messages                            ; Off                      ; Off                 ;
; Number of Removed Registers Reported in Synthesis Report                   ; 5000                     ; 5000                ;
; Number of Swept Nodes Reported in Synthesis Report                         ; 5000                     ; 5000                ;
; Number of Inverted Registers Reported in Synthesis Report                  ; 100                      ; 100                 ;
; Clock MUX Protection                                                       ; On                       ; On                  ;
; Auto Gated Clock Conversion                                                ; Off                      ; Off                 ;
; Block Design Naming                                                        ; Auto                     ; Auto                ;
; SDC constraint protection                                                  ; Off                      ; Off                 ;
; Synthesis Effort                                                           ; Auto                     ; Auto                ;
; Shift Register Replacement - Allow Asynchronous Clear Signal               ; On                       ; On                  ;
; Pre-Mapping Resynthesis Optimization                                       ; Off                      ; Off                 ;
; Analysis & Synthesis Message Level                                         ; Medium                   ; Medium              ;
; Disable Register Merging Across Hierarchies                                ; Auto                     ; Auto                ;
; Resource Aware Inference For Block RAM                                     ; On                       ; On                  ;
; Synthesis Seed                                                             ; 1                        ; 1                   ;
+----------------------------------------------------------------------------+--------------------------+---------------------+


Parallel compilation was disabled, but you have multiple processors available. Enable parallel compilation to reduce compilation time.
+-------------------------------------+
; Parallel Compilation                ;
+----------------------------+--------+
; Processors                 ; Number ;
+----------------------------+--------+
; Number detected on machine ; 8      ;
; Maximum allowed            ; 1      ;
+----------------------------+--------+


+---------------------------------------------------------------------------------------------------------------------------------------------------------------------------------+
; Analysis & Synthesis Source Files Read                                                                                                                                          ;
+----------------------------------+-----------------+------------------------+-----------------------------------------------------------------------------------------+---------+
; File Name with User-Entered Path ; Used in Netlist ; File Type              ; File Name with Absolute Path                                                            ; Library ;
+----------------------------------+-----------------+------------------------+-----------------------------------------------------------------------------------------+---------+
; DE0_Digital_IO_Wing_Test.v       ; yes             ; User Verilog HDL File  ; C:/Users/Parker/Documents/GitHub/DE0_Digial_IO_Wing/Software/DE0_Digital_IO_Wing_Test.v ;         ;
; DE0_Digital_IO_Wing.v            ; yes             ; User Verilog HDL File  ; C:/Users/Parker/Documents/GitHub/DE0_Digial_IO_Wing/Software/DE0_Digital_IO_Wing.v      ;         ;
+----------------------------------+-----------------+------------------------+-----------------------------------------------------------------------------------------+---------+


+------------------------------------------------------------+
; Analysis & Synthesis Resource Usage Summary                ;
+---------------------------------------------+--------------+
; Resource                                    ; Usage        ;
+---------------------------------------------+--------------+
; Estimated Total logic elements              ; 43           ;
;                                             ;              ;
; Total combinational functions               ; 11           ;
; Logic element usage by number of LUT inputs ;              ;
;     -- 4 input functions                    ; 2            ;
;     -- 3 input functions                    ; 1            ;
;     -- <=2 input functions                  ; 8            ;
;                                             ;              ;
; Logic elements by mode                      ;              ;
;     -- normal mode                          ; 5            ;
;     -- arithmetic mode                      ; 6            ;
;                                             ;              ;
; Total registers                             ; 41           ;
;     -- Dedicated logic registers            ; 41           ;
;     -- I/O registers                        ; 0            ;
;                                             ;              ;
; I/O pins                                    ; 41           ;
; Embedded Multiplier 9-bit elements          ; 0            ;
; Maximum fan-out node                        ; clk_50~input ;
; Maximum fan-out                             ; 41           ;
; Total fan-out                               ; 248          ;
; Average fan-out                             ; 1.49         ;
+---------------------------------------------+--------------+


+-----------------------------------------------------------------------------------------------------------------------------------------------------------------------------------------------------------------------------+
; Analysis & Synthesis Resource Utilization by Entity                                                                                                                                                                         ;
+--------------------------------------+-------------------+--------------+-------------+--------------+---------+-----------+------+--------------+-----------------------------------------------------------+--------------+
; Compilation Hierarchy Node           ; LC Combinationals ; LC Registers ; Memory Bits ; DSP Elements ; DSP 9x9 ; DSP 18x18 ; Pins ; Virtual Pins ; Full Hierarchy Name                                       ; Library Name ;
+--------------------------------------+-------------------+--------------+-------------+--------------+---------+-----------+------+--------------+-----------------------------------------------------------+--------------+
; |DE0_Digital_IO_Wing_Test            ; 11 (11)           ; 41 (9)       ; 0           ; 0            ; 0       ; 0         ; 41   ; 0            ; |DE0_Digital_IO_Wing_Test                                 ; work         ;
;    |DE0_Digital_IO_Wing:Wing_driver| ; 0 (0)             ; 32 (32)      ; 0           ; 0            ; 0       ; 0         ; 0    ; 0            ; |DE0_Digital_IO_Wing_Test|DE0_Digital_IO_Wing:Wing_driver ; work         ;
+--------------------------------------+-------------------+--------------+-------------+--------------+---------+-----------+------+--------------+-----------------------------------------------------------+--------------+
Note: For table entries with two numbers listed, the numbers in parentheses indicate the number of resources of the given type used by the specific entity alone. The numbers listed outside of parentheses indicate the total resources of the given type used by the specific entity and all of its sub-entities in the hierarchy.


+--------------------------------------------------------------+
; Registers Removed During Synthesis                           ;
+----------------------------------------+---------------------+
; Register name                          ; Reason for Removal  ;
+----------------------------------------+---------------------+
; DIRB[0]                                ; Merged with DIRA[0] ;
; DIRC[0]                                ; Merged with DIRA[0] ;
; DIRD[0]                                ; Merged with DIRA[0] ;
; OUTB[7]                                ; Merged with OUTA[7] ;
; OUTC[7]                                ; Merged with OUTA[7] ;
; OUTD[7]                                ; Merged with OUTA[7] ;
; OUTB[6]                                ; Merged with OUTA[6] ;
; OUTC[6]                                ; Merged with OUTA[6] ;
; OUTD[6]                                ; Merged with OUTA[6] ;
; OUTB[5]                                ; Merged with OUTA[5] ;
; OUTC[5]                                ; Merged with OUTA[5] ;
; OUTD[5]                                ; Merged with OUTA[5] ;
; OUTB[4]                                ; Merged with OUTA[4] ;
; OUTC[4]                                ; Merged with OUTA[4] ;
; OUTD[4]                                ; Merged with OUTA[4] ;
; OUTB[3]                                ; Merged with OUTA[3] ;
; OUTC[3]                                ; Merged with OUTA[3] ;
; OUTD[3]                                ; Merged with OUTA[3] ;
; OUTB[2]                                ; Merged with OUTA[2] ;
; OUTC[2]                                ; Merged with OUTA[2] ;
; OUTD[2]                                ; Merged with OUTA[2] ;
; OUTB[1]                                ; Merged with OUTA[1] ;
; OUTC[1]                                ; Merged with OUTA[1] ;
; OUTD[1]                                ; Merged with OUTA[1] ;
; OUTB[0]                                ; Merged with OUTA[0] ;
; OUTC[0]                                ; Merged with OUTA[0] ;
; OUTD[0]                                ; Merged with OUTA[0] ;
; Total Number of Removed Registers = 27 ;                     ;
+----------------------------------------+---------------------+


+------------------------------------------------------+
; General Register Statistics                          ;
+----------------------------------------------+-------+
; Statistic                                    ; Value ;
+----------------------------------------------+-------+
; Total registers                              ; 41    ;
; Number of registers using Synchronous Clear  ; 0     ;
; Number of registers using Synchronous Load   ; 0     ;
; Number of registers using Asynchronous Clear ; 0     ;
; Number of registers using Asynchronous Load  ; 0     ;
; Number of registers using Clock Enable       ; 0     ;
; Number of registers using Preset             ; 0     ;
+----------------------------------------------+-------+


+--------------------------------------------------+
; Inverted Register Statistics                     ;
+----------------------------------------+---------+
; Inverted Register                      ; Fan out ;
+----------------------------------------+---------+
; DIRA[0]                                ; 36      ;
; Total number of inverted registers = 1 ;         ;
+----------------------------------------+---------+


+----------------------------------------------------------------------------------------------------------------+
; Port Connectivity Checks: "DE0_Digital_IO_Wing:Wing_driver"                                                    ;
+------+--------+----------+-------------------------------------------------------------------------------------+
; Port ; Type   ; Severity ; Details                                                                             ;
+------+--------+----------+-------------------------------------------------------------------------------------+
; OUTA ; Output ; Info     ; Connected to dangling logic. Logic that only feeds a dangling port will be removed. ;
; OUTB ; Output ; Info     ; Connected to dangling logic. Logic that only feeds a dangling port will be removed. ;
; OUTC ; Output ; Info     ; Connected to dangling logic. Logic that only feeds a dangling port will be removed. ;
; OUTD ; Output ; Info     ; Connected to dangling logic. Logic that only feeds a dangling port will be removed. ;
+------+--------+----------+-------------------------------------------------------------------------------------+


+-------------------------------+
; Elapsed Time Per Partition    ;
+----------------+--------------+
; Partition Name ; Elapsed Time ;
+----------------+--------------+
; Top            ; 00:00:00     ;
+----------------+--------------+


+-------------------------------+
; Analysis & Synthesis Messages ;
+-------------------------------+
Info: *******************************************************************
Info: Running Quartus II 32-bit Analysis & Synthesis
    Info: Version 13.0.1 Build 232 06/12/2013 Service Pack 1 SJ Web Edition
    Info: Processing started: Mon Mar 02 23:07:02 2015
Info: Command: quartus_map --read_settings_files=on --write_settings_files=off DE0_Digital_IO_Wing -c DE0_Digital_IO_Wing
Warning (20028): Parallel compilation is not licensed and has been disabled
Info (12021): Found 1 design units, including 1 entities, in source file de0_digital_io_wing_test.v
    Info (12023): Found entity 1: DE0_Digital_IO_Wing_Test
Info (12021): Found 1 design units, including 1 entities, in source file de0_digital_io_wing.v
    Info (12023): Found entity 1: DE0_Digital_IO_Wing
Info (12127): Elaborating entity "DE0_Digital_IO_Wing_Test" for the top level hierarchy
Warning (10036): Verilog HDL or VHDL warning at DE0_Digital_IO_Wing_Test.v(51): object "inputA" assigned a value but never read
Warning (10036): Verilog HDL or VHDL warning at DE0_Digital_IO_Wing_Test.v(52): object "inputB" assigned a value but never read
Warning (10036): Verilog HDL or VHDL warning at DE0_Digital_IO_Wing_Test.v(53): object "inputC" assigned a value but never read
Warning (10036): Verilog HDL or VHDL warning at DE0_Digital_IO_Wing_Test.v(54): object "inputD" assigned a value but never read
Info (12128): Elaborating entity "DE0_Digital_IO_Wing" for hierarchy "DE0_Digital_IO_Wing:Wing_driver"
Warning (13024): Output pins are stuck at VCC or GND
    Warning (13410): Pin "OEA[0]" is stuck at GND
    Warning (13410): Pin "OEB[0]" is stuck at GND
    Warning (13410): Pin "OEC[0]" is stuck at GND
    Warning (13410): Pin "OED[0]" is stuck at GND
Info (286030): Timing-Driven Synthesis is running
Info (144001): Generated suppressed messages file C:/Users/Parker/Documents/GitHub/DE0_Digial_IO_Wing/Software/output_files/DE0_Digital_IO_Wing.map.smsg
Info (16010): Generating hard_block partition "hard_block:auto_generated_inst"
    Info (16011): Adding 0 node(s), including 0 DDIO, 0 PLL, 0 transceiver and 0 LCELL
Info (21057): Implemented 84 device resources after synthesis - the final resource count might be different
    Info (21058): Implemented 1 input pins
    Info (21059): Implemented 8 output pins
    Info (21060): Implemented 32 bidirectional pins
    Info (21061): Implemented 43 logic cells
Info: Quartus II 32-bit Analysis & Synthesis was successful. 0 errors, 10 warnings
    Info: Peak virtual memory: 346 megabytes
    Info: Processing ended: Mon Mar 02 23:07:04 2015
    Info: Elapsed time: 00:00:02
    Info: Total CPU time (on all processors): 00:00:02


+------------------------------------------+
; Analysis & Synthesis Suppressed Messages ;
+------------------------------------------+
The suppressed messages can be found in C:/Users/Parker/Documents/GitHub/DE0_Digial_IO_Wing/Software/output_files/DE0_Digital_IO_Wing.map.smsg.


